[academy.lamphills.com/index.html]
[backblue.gif]
[fade.gif]
[index.html]
[academy.lamphills.com/wp-includes/js/mediaelement/mediaelementplayer-legacy.min1f61.css]
[academy.lamphills.com/wp-includes/js/mediaelement/wp-mediaelement.min9704.css]
[academy.lamphills.com/feed/index.html]
[academy.lamphills.com/comments/feed/index.html]
[academy.lamphills.com/wp-content/plugins/woocommerce/assets/css/woocommerce-layout04d4.css]
[academy.lamphills.com/wp-content/plugins/woocommerce/assets/css/woocommerce-smallscreen04d4.css]
[academy.lamphills.com/wp-content/plugins/woocommerce/assets/css/woocommerce04d4.css]
[academy.lamphills.com/wp-content/plugins/woocommerce/assets/css/brands04d4.css]
[academy.lamphills.com/wp-content/themes/hello-elementor/style.min9b70.css]
[academy.lamphills.com/wp-content/themes/hello-elementor/theme.min9b70.css]
[academy.lamphills.com/wp-content/themes/hello-elementor/header-footer.min9b70.css]
[academy.lamphills.com/wp-content/plugins/elementor/assets/css/frontend.min87cc.css]
[academy.lamphills.com/wp-content/uploads/elementor/css/post-8c0cc.css]
[academy.lamphills.com/wp-content/plugins/elementor/assets/css/widget-image.min87cc.css]
[academy.lamphills.com/wp-content/plugins/elementor-pro/assets/css/widget-nav-menu.min414b.css]
[academy.lamphills.com/wp-content/plugins/elementor/assets/css/widget-icon-list.min87cc.css]
[academy.lamphills.com/wp-content/plugins/elementor-pro/assets/css/modules/sticky.min414b.css]
[academy.lamphills.com/wp-content/plugins/elementor-pro/assets/css/widget-form.min414b.css]
[academy.lamphills.com/wp-content/plugins/elementor/assets/css/widget-heading.min87cc.css]
[academy.lamphills.com/wp-content/plugins/elementor/assets/lib/animations/styles/fadeInUp.min87cc.css]
[academy.lamphills.com/wp-content/plugins/elementor/assets/lib/swiper/v8/css/swiper.min94a4.css]
[academy.lamphills.com/wp-content/plugins/elementor/assets/css/conditionals/e-swiper.min87cc.css]
[academy.lamphills.com/wp-content/plugins/elementor-pro/assets/css/widget-slides.min414b.css]
[academy.lamphills.com/wp-content/plugins/elementor/assets/css/conditionals/shapes.min87cc.css]
[academy.lamphills.com/wp-content/plugins/elementor-pro/assets/css/widget-countdown.min414b.css]
[academy.lamphills.com/wp-content/plugins/elementor/assets/css/widget-icon-box.min87cc.css]
[academy.lamphills.com/wp-content/plugins/elementor-pro/assets/css/modules/motion-fx.min414b.css]
[academy.lamphills.com/wp-content/plugins/elementor/assets/css/widget-progress.min87cc.css]
[academy.lamphills.com/wp-content/plugins/elementor/assets/css/widget-image-carousel.min87cc.css]
[academy.lamphills.com/wp-content/plugins/elementor/assets/css/widget-video.min87cc.css]
[academy.lamphills.com/wp-content/uploads/elementor/css/post-42c0cc.css]
[academy.lamphills.com/wp-content/uploads/elementor/css/post-14d841.css]
[academy.lamphills.com/wp-content/uploads/elementor/css/post-10c0cc.css]
[academy.lamphills.com/wp-content/plugins/notificationx/assets/public/css/frontend459e.css]
[academy.lamphills.com/wp-includes/css/dashicons.min9704.css]
[academy.lamphills.com/wp-content/uploads/elementor/google-fonts/css/varelaround26ed.css]
[academy.lamphills.com/wp-content/uploads/elementor/google-fonts/css/montserratd411.css]
[academy.lamphills.com/wp-includes/js/jquery/jquery.minf43b.js]
[academy.lamphills.com/wp-includes/js/jquery/jquery-migrate.min5589.js]
[academy.lamphills.com/wp-content/plugins/woocommerce/assets/js/jquery-blockui/jquery.blockUI.min4a91.js]
[academy.lamphills.com/wp-content/plugins/woocommerce/assets/js/frontend/add-to-cart.min04d4.js]
[academy.lamphills.com/wp-content/plugins/woocommerce/assets/js/js-cookie/js.cookie.min73a9.js]
[academy.lamphills.com/wp-content/plugins/woocommerce/assets/js/frontend/woocommerce.min04d4.js]
[stats.wp.com/s-202516.js]
[academy.lamphills.com/wp-json/wp/v2/pages/42.json]
[academy.lamphills.com/wp-json/index.html]
[academy.lamphills.com/xmlrpc0db0.php]
[academy.lamphills.com/wp-json/oembed/1.0/embed1950.json]
[academy.lamphills.com/wp-json/oembed/1.0/embed38ea]
[academy.lamphills.com/wp-content/plugins/woocommerce/assets/fonts/Inter-VariableFont_slnt,wght.woff2]
[academy.lamphills.com/wp-content/plugins/woocommerce/assets/fonts/cardo_normal_400.woff2]
[academy.lamphills.com/wp-content/uploads/2025/01/Lamphills-M-100x100.png]
[academy.lamphills.com/wp-content/uploads/2025/01/Lamphills-M-300x300.png]
[academy.lamphills.com/wp-content/uploads/2025/01/amphills-academymdpi-1.png]
[academy.lamphills.com/wp-content/uploads/2025/01/a910d418-7123-4bc4-aa3b-ef7e25e74ae6.60c498c559810aa0-300x169.webp]
[academy.lamphills.com/wp-content/uploads/2025/01/ibm-logo-2-300x200.webp]
[academy.lamphills.com/about/index.html]
[academy.lamphills.com/wp-content/uploads/2025/01/Oracle-Logo-300x169.jpg]
[academy.lamphills.com/category/beyond-news/index.html]
[academy.lamphills.com/wp-content/uploads/2025/01/Amazon-Logo-2000-present-1024x576-1-300x169.jpg]
[academy.lamphills.com/services/index.html]
[academy.lamphills.com/clients/index.html]
[academy.lamphills.com/contact-us/index.html]
[academy.lamphills.com/wp-content/uploads/2025/01/8867.Microsoft_5F00_Logo_2D00_for_2D00_screen-300x110.jpg]
[academy.lamphills.com/graphics-design/index.html]
[academy.lamphills.com/digital-marketing/index.html]
[academy.lamphills.com/data-science/index.html]
[academy.lamphills.com/wp-content/uploads/2025/01/images-1-300x89.png]
[academy.lamphills.com/coding-fundamentals/index.html]
[academy.lamphills.com/wp-content/uploads/2025/01/Font-Fiverr-Logo-300x108.jpg]
[academy.lamphills.com/wp-content/uploads/2025/01/meta-logo-social-media-giant-facebook-vector-51195594-e1737710035765-300x111.jpg]
[academy.lamphills.com/video-editing/index.html]
[academy.lamphills.com/photography-videography-photo-editing/index.html]
[academy.lamphills.com/wp-content/uploads/2025/01/Amazon-Logo-2000-present-1024x576-2-300x169.jpg]
[academy.lamphills.com/social-media-management/index.html]
[academy.lamphills.com/seo-content-writing/index.html]
[academy.lamphills.com/wp-content/uploads/2025/01/14713-1.jpg]
[academy.lamphills.com/basic-computer-skills/index.html]
[academy.lamphills.com/wp-content/uploads/2025/01/Lamphills.png]
[academy.lamphills.com/scriptwriting-screen-writing/index.html]
[academy.lamphills.com/wp-content/uploads/2025/01/small_c_popup-150x150.png]
[academy.lamphills.com/wp-content/plugins/woocommerce/assets/client/blocks/wc-blocks2656.css]
[academy.lamphills.com/youtube-automation/index.html]
[academy.lamphills.com/wp-content/uploads/elementor/css/post-2329b7.css]
[academy.lamphills.com/ui-ux-design/index.html]
[academy.lamphills.com/data-analytics/index.html]
[academy.lamphills.com/project-management/index.html]
[academy.lamphills.com/wp-content/plugins/elementor/assets/lib/animations/styles/rotateInDownLeft.min87cc.css]
[academy.lamphills.com/wp-content/plugins/elementor/assets/lib/animations/styles/zoomIn.min87cc.css]
[academy.lamphills.com/wp-content/plugins/elementor/assets/lib/animations/styles/rotateInUpLeft.min87cc.css]
[academy.lamphills.com/wp-content/plugins/elementor-pro/assets/css/conditionals/popup.min414b.css]
[academy.lamphills.com/wp-content/themes/hello-elementor/assets/js/hello-frontend.min9b70.js]
[academy.lamphills.com/wp-content/plugins/elementor-pro/assets/lib/smartmenus/jquery.smartmenus.min1576.js]
[academy.lamphills.com/wp-content/plugins/elementor-pro/assets/lib/sticky/jquery.sticky.min414b.js]
[academy.lamphills.com/wp-includes/js/imagesloaded.minbb93.js]
[academy.lamphills.com/wp-content/plugins/elementor/assets/lib/swiper/v8/swiper.min94a4.js]
[academy.lamphills.com/wp-content/plugins/woocommerce/assets/js/sourcebuster/sourcebuster.min04d4.js]
[academy.lamphills.com/wp-content/plugins/woocommerce/assets/js/frontend/order-attribution.min04d4.js]
[academy.lamphills.com/wp-content/plugins/notificationx/assets/public/js/frontend459e.js]
[stats.wp.com/e-202516.js]
[academy.lamphills.com/wp-content/plugins/elementor-pro/assets/js/webpack-pro.runtime.min414b.js]
[academy.lamphills.com/wp-content/plugins/elementor/assets/js/webpack.runtime.min87cc.js]
[academy.lamphills.com/wp-content/plugins/elementor/assets/js/frontend-modules.min87cc.js]
[academy.lamphills.com/wp-includes/js/dist/hooks.min4fdd.js]
[academy.lamphills.com/wp-includes/js/dist/i18n.minc33c.js]
[academy.lamphills.com/wp-content/plugins/elementor-pro/assets/js/frontend.min414b.js]
[academy.lamphills.com/wp-includes/js/jquery/ui/core.minb37e.js]
[academy.lamphills.com/wp-content/plugins/elementor/assets/js/frontend.min87cc.js]
[academy.lamphills.com/index.html]
[academy.lamphills.com/wp-content/plugins/elementor-pro/assets/js/elements-handlers.min414b.js]
[academy.lamphills.com/wp-includes/js/mediaelement/mediaelementplayer-legacy.min1f61.css]
[academy.lamphills.com/wp-includes/js/mediaelement/wp-mediaelement.min9704.css]
[academy.lamphills.com/wp-content/plugins/woocommerce/assets/css/woocommerce-layout04d4.css]
[academy.lamphills.com/wp-content/plugins/woocommerce/assets/css/woocommerce-smallscreen04d4.css]
[academy.lamphills.com/wp-content/plugins/woocommerce/assets/fonts/WooCommerce.woff2]
[academy.lamphills.com/wp-content/plugins/woocommerce/assets/fonts/WooCommerce.woff]
[academy.lamphills.com/wp-content/plugins/woocommerce/assets/fonts/WooCommerce.ttf]
[academy.lamphills.com/wp-content/plugins/woocommerce/assets/css/woocommerce04d4.css]
[academy.lamphills.com/wp-content/plugins/woocommerce/assets/css/brands04d4.css]
[academy.lamphills.com/wp-content/themes/hello-elementor/style.min9b70.css]
[academy.lamphills.com/wp-content/themes/hello-elementor/theme.min9b70.css]
[academy.lamphills.com/wp-content/themes/hello-elementor/header-footer.min9b70.css]
[academy.lamphills.com/wp-content/plugins/elementor/assets/css/frontend.min87cc.css]
[academy.lamphills.com/wp-content/uploads/elementor/css/post-8c0cc.css]
[academy.lamphills.com/wp-content/plugins/elementor/assets/css/widget-image.min87cc.css]
[academy.lamphills.com/wp-content/plugins/elementor-pro/assets/css/widget-nav-menu.min414b.css]
[academy.lamphills.com/wp-content/plugins/elementor/assets/css/widget-icon-list.min87cc.css]
[academy.lamphills.com/wp-content/plugins/elementor-pro/assets/css/modules/sticky.min414b.css]
[academy.lamphills.com/wp-content/plugins/elementor-pro/assets/css/widget-form.min414b.css]
[academy.lamphills.com/wp-content/plugins/elementor/assets/css/widget-heading.min87cc.css]
[academy.lamphills.com/wp-content/plugins/elementor/assets/lib/animations/styles/fadeInUp.min87cc.css]
[academy.lamphills.com/wp-content/plugins/elementor/assets/lib/swiper/v8/css/swiper.min94a4.css]
[academy.lamphills.com/wp-content/plugins/elementor/assets/css/conditionals/e-swiper.min87cc.css]
[academy.lamphills.com/wp-content/plugins/elementor-pro/assets/css/widget-slides.min414b.css]
[academy.lamphills.com/wp-content/plugins/elementor/assets/css/conditionals/shapes.min87cc.css]
[academy.lamphills.com/wp-content/plugins/elementor-pro/assets/css/widget-countdown.min414b.css]
[academy.lamphills.com/wp-content/plugins/elementor/assets/css/widget-icon-box.min87cc.css]
[academy.lamphills.com/wp-content/plugins/elementor-pro/assets/css/modules/motion-fx.min414b.css]
[academy.lamphills.com/wp-content/plugins/elementor/assets/css/widget-progress.min87cc.css]
[academy.lamphills.com/wp-content/plugins/elementor/assets/css/widget-image-carousel.min87cc.css]
[academy.lamphills.com/wp-content/plugins/elementor/assets/css/widget-video.min87cc.css]
[academy.lamphills.com/wp-content/uploads/2025/01/BG-Social-Media-1.png]
[academy.lamphills.com/wp-content/uploads/2025/01/BG-Service-one-1.png]
[academy.lamphills.com/wp-content/uploads/2025/01/BG-more-Services-1.png]
[academy.lamphills.com/wp-content/uploads/2025/01/BG-Join-Clients-1.png]
[academy.lamphills.com/wp-content/uploads/2025/01/CTA-Shapes-1.png]
[academy.lamphills.com/wp-content/uploads/elementor/css/post-42c0cc.css]
[academy.lamphills.com/wp-content/uploads/elementor/css/post-14d841.css]
[academy.lamphills.com/wp-content/uploads/elementor/css/post-10c0cc.css]
[academy.lamphills.com/wp-content/plugins/notificationx/assets/public/css/frontend459e.css]
[cdnjs.cloudflare.com/ajax/libs/font-awesome/4.7.0/css/font-awesome.min.css]
[academy.lamphills.com/wp-includes/fonts/dashicons7d4b.eot]
[academy.lamphills.com/wp-includes/fonts/dashicons7d4b.ttf]
[academy.lamphills.com/wp-includes/css/dashicons.min9704.css]
[academy.lamphills.com/wp-content/uploads/elementor/google-fonts/fonts/varelaround-w8gdh283tvk__lua32tysjifpcupp9g.woff2]
[academy.lamphills.com/wp-content/uploads/elementor/google-fonts/fonts/varelaround-w8gdh283tvk__lua32tysjifqmupp9g.woff2]
[academy.lamphills.com/wp-content/uploads/elementor/google-fonts/fonts/varelaround-w8gdh283tvk__lua32tysjifqcupp9g.woff2]
[academy.lamphills.com/wp-content/uploads/elementor/google-fonts/fonts/varelaround-w8gdh283tvk__lua32tysjifp8up.woff2]
[academy.lamphills.com/wp-content/uploads/elementor/google-fonts/css/varelaround26ed.css]
[academy.lamphills.com/wp-content/uploads/elementor/google-fonts/fonts/montserrat-jtuqjig1_i6t8kchkm459wxrxc7mw9c.woff2]
[academy.lamphills.com/wp-content/uploads/elementor/google-fonts/fonts/montserrat-jtuqjig1_i6t8kchkm459wxrzs7mw9c.woff2]
[academy.lamphills.com/wp-content/uploads/elementor/google-fonts/fonts/montserrat-jtuqjig1_i6t8kchkm459wxrxi7mw9c.woff2]
[academy.lamphills.com/wp-content/uploads/elementor/google-fonts/fonts/montserrat-jtuqjig1_i6t8kchkm459wxrxy7mw9c.woff2]
[academy.lamphills.com/wp-content/uploads/elementor/google-fonts/fonts/montserrat-jtuqjig1_i6t8kchkm459wxrys7m.woff2]
[academy.lamphills.com/wp-content/uploads/elementor/google-fonts/fonts/montserrat-jtusjig1_i6t8kchkm459wrhyzbi.woff2]
[academy.lamphills.com/wp-content/uploads/elementor/google-fonts/fonts/montserrat-jtusjig1_i6t8kchkm459w1hyzbi.woff2]
[academy.lamphills.com/wp-content/uploads/elementor/google-fonts/fonts/montserrat-jtusjig1_i6t8kchkm459wzhyzbi.woff2]
[academy.lamphills.com/wp-content/uploads/elementor/google-fonts/fonts/montserrat-jtusjig1_i6t8kchkm459wdhyzbi.woff2]
[academy.lamphills.com/wp-content/uploads/elementor/google-fonts/fonts/montserrat-jtusjig1_i6t8kchkm459wlhyw.woff2]
[academy.lamphills.com/wp-content/uploads/elementor/google-fonts/css/montserratd411.css]
[academy.lamphills.com/wp-content/plugins/elementor/assets/css/widget-menu-anchor.min87cc.css]
[academy.lamphills.com/wp-content/plugins/elementor-pro/assets/css/widget-call-to-action.min414b.css]
[academy.lamphills.com/wp-content/plugins/elementor-pro/assets/css/conditionals/transitions.min414b.css]
[academy.lamphills.com/wp-content/uploads/elementor/css/post-6529a1.css]
[academy.lamphills.com/wp-json/wp/v2/pages/65.json]
[academy.lamphills.com/wp-json/oembed/1.0/embedf5db.json]
[academy.lamphills.com/wp-json/oembed/1.0/embedbf9d]
[academy.lamphills.com/wp-content/uploads/2025/01/About-Page-intro-pic.png]
[academy.lamphills.com/wp-content/uploads/2025/01/Team-5.png]
[academy.lamphills.com/wp-content/uploads/2025/01/Team-2-1.png]
[academy.lamphills.com/wp-content/uploads/2025/01/Team-3-1.png]
[academy.lamphills.com/wp-content/uploads/2025/01/Team-8.png]
[academy.lamphills.com/wp-content/uploads/2025/01/Team-4-1.png]
[academy.lamphills.com/wp-content/uploads/2025/01/Team-1-1.png]
[academy.lamphills.com/wp-content/uploads/2025/01/Team-6.png]
[academy.lamphills.com/wp-content/uploads/2025/01/Team-7.png]
[academy.lamphills.com/wp-content/uploads/2025/01/Team-9.png]
[academy.lamphills.com/wp-content/uploads/2025/01/1.png]
[academy.lamphills.com/wp-content/uploads/2025/01/14.png]
[academy.lamphills.com/wp-content/uploads/2025/01/13.png]
[academy.lamphills.com/wp-content/uploads/2025/01/8.png]
[academy.lamphills.com/wp-content/uploads/2025/01/4.png]
[academy.lamphills.com/wp-content/uploads/2025/01/3.png]
[academy.lamphills.com/wp-content/uploads/2025/01/16.png]
[academy.lamphills.com/wp-content/uploads/2025/01/CTA-About-new.png]
[academy.lamphills.com/about/index.html]
[academy.lamphills.com/wp-content/plugins/elementor/assets/lib/animations/styles/e-animation-grow.min87cc.css]
[academy.lamphills.com/wp-content/plugins/elementor/assets/css/widget-toggle.min87cc.css]
[academy.lamphills.com/wp-content/uploads/elementor/css/post-81e52c.css]
[academy.lamphills.com/wp-json/wp/v2/pages/81.json]
[academy.lamphills.com/wp-json/oembed/1.0/embedca72.json]
[academy.lamphills.com/wp-json/oembed/1.0/embed7353]
[academy.lamphills.com/wp-content/uploads/2025/01/Our-Services-pic-1.png]
[academy.lamphills.com/wp-content/uploads/2025/01/Our-Services-pic-2.png]
[academy.lamphills.com/wp-content/uploads/2025/01/CTA-Our-Services.png]
[academy.lamphills.com/services/index.html]
[academy.lamphills.com/social-media/index.html]
[academy.lamphills.com/wp-content/plugins/elementor-pro/assets/css/widget-testimonial-carousel.min414b.css]
[academy.lamphills.com/wp-content/plugins/elementor-pro/assets/css/widget-carousel-module-base.min414b.css]
[academy.lamphills.com/wp-content/uploads/elementor/css/post-91b082.css]
[academy.lamphills.com/wp-json/wp/v2/pages/91.json]
[academy.lamphills.com/wp-json/oembed/1.0/embed5229.json]
[academy.lamphills.com/wp-json/oembed/1.0/embed79f2]
[academy.lamphills.com/wp-content/uploads/2025/01/1-1.png]
[academy.lamphills.com/wp-content/uploads/2025/01/2.png]
[academy.lamphills.com/wp-content/uploads/2025/01/3-1.png]
[academy.lamphills.com/wp-content/uploads/2025/01/4-1.png]
[academy.lamphills.com/wp-content/uploads/2025/01/5.png]
[academy.lamphills.com/wp-content/uploads/2025/01/6.png]
[academy.lamphills.com/wp-content/uploads/2025/01/7.png]
[academy.lamphills.com/wp-content/uploads/2025/01/9.png]
[academy.lamphills.com/wp-content/uploads/2025/01/10.png]
[academy.lamphills.com/wp-content/uploads/2025/01/11-1.png]
[academy.lamphills.com/wp-content/uploads/2025/01/12-1.png]
[academy.lamphills.com/wp-content/uploads/2025/01/15.png]
[academy.lamphills.com/wp-content/uploads/2025/01/16-1.png]
[academy.lamphills.com/wp-content/uploads/2025/01/Our-Clients-pic-2.png]
[academy.lamphills.com/wp-content/uploads/2025/01/Our-Clients-pic-1.png]
[academy.lamphills.com/wp-content/uploads/2025/01/Testimonial-2.png]
[academy.lamphills.com/wp-content/uploads/2025/01/Testimonial-1.png]
[academy.lamphills.com/wp-content/uploads/2025/01/Testimonial-3-1.png]
[academy.lamphills.com/wp-content/uploads/2025/01/Clients-CTA-Footer.jpg]
[academy.lamphills.com/clients/index.html]
[academy.lamphills.com/wp-includes/css/dist/block-library/style.min9704.css]
[academy.lamphills.com/wp-content/plugins/elementor-pro/assets/css/widget-posts.min414b.css]
[academy.lamphills.com/wp-content/uploads/elementor/css/post-18d841.css]
[academy.lamphills.com/category/beyond-news/feed/index.html]
[academy.lamphills.com/wp-json/wp/v2/categories/8.json]
[academy.lamphills.com/wp-content/uploads/2019/10/Post-5.png]
[academy.lamphills.com/wp-content/uploads/2019/10/Post-4.png]
[academy.lamphills.com/wp-content/uploads/2019/10/Post-2.png]
[academy.lamphills.com/2025/01/23/case-study-how-to-improve-your-seo-scores/index.html]
[academy.lamphills.com/2025/01/23/do-ppc-ninjas-really-exist/index.html]
[academy.lamphills.com/wp-content/uploads/2019/10/Post-7.png]
[academy.lamphills.com/wp-content/uploads/2019/10/Post-8.png]
[academy.lamphills.com/2025/01/23/fun-fun-and-more-fun-come-work-at-beyond/index.html]
[academy.lamphills.com/2025/01/23/lets-party-our-end-of-the-year-celebration/index.html]
[academy.lamphills.com/wp-content/uploads/2019/10/Post-3.png]
[academy.lamphills.com/2025/01/23/onward-our-award-winning-creative-campaign/index.html]
[academy.lamphills.com/2025/01/23/the-digital-marketing-revolution-is-here-is-here-now/index.html]
[academy.lamphills.com/wp-content/uploads/2019/10/Post-6.png]
[academy.lamphills.com/2025/01/23/always-learn-from-experience-and-past-mistakes/index.html]
[academy.lamphills.com/wp-content/uploads/2019/10/Post-1.png]
[academy.lamphills.com/wp-content/uploads/2019/10/Post-9.png]
[academy.lamphills.com/wp-content/uploads/2025/01/CTA-News.png]
[academy.lamphills.com/2025/01/23/the-weekly-podcast-design-meets-technology/index.html]
[academy.lamphills.com/category/beyond-news/index.html]
[academy.lamphills.com/2025/01/23/will-there-be-a-future-post-facebook/index.html]
[academy.lamphills.com/wp-content/uploads/elementor/css/post-114ca95.css]
[academy.lamphills.com/wp-json/wp/v2/pages/114.json]
[academy.lamphills.com/wp-json/oembed/1.0/embed412d.json]
[academy.lamphills.com/wp-json/oembed/1.0/embedc11a]
[academy.lamphills.com/wp-content/uploads/2025/01/CTA-contact-us-new.png]
[academy.lamphills.com/contact-us/index.html]
[academy.lamphills.com/wp-content/plugins/elementor/assets/lib/animations/styles/fadeInDown.min87cc.css]
[academy.lamphills.com/wp-content/plugins/elementor/assets/css/widget-divider.min87cc.css]
[academy.lamphills.com/wp-content/plugins/elementor/assets/lib/animations/styles/shake.min87cc.css]
[academy.lamphills.com/wp-content/plugins/elementor/assets/lib/animations/styles/e-animation-shrink.min87cc.css]
[academy.lamphills.com/wp-content/plugins/elementor/assets/lib/animations/styles/fadeInLeft.min87cc.css]
[academy.lamphills.com/wp-content/plugins/elementor/assets/lib/animations/styles/tada.min87cc.css]
[academy.lamphills.com/wp-content/plugins/elementor/assets/lib/animations/styles/fadeIn.min87cc.css]
[academy.lamphills.com/wp-content/plugins/elementor/assets/css/widget-image-box.min87cc.css]
[academy.lamphills.com/wp-content/plugins/elementor/assets/css/widget-spacer.min87cc.css]
[academy.lamphills.com/wp-content/plugins/elementor/assets/lib/animations/styles/e-animation-float.min87cc.css]
[academy.lamphills.com/wp-content/uploads/elementor/css/post-445c16c.css]
[academy.lamphills.com/wp-content/uploads/elementor/google-fonts/css/poppins24f4.css]
[academy.lamphills.com/wp-content/uploads/elementor/google-fonts/css/manrope606e.css]
[academy.lamphills.com/wp-content/uploads/elementor/google-fonts/css/dmsans175d.css]
[academy.lamphills.com/wp-json/wp/v2/pages/445.json]
[academy.lamphills.com/wp-json/oembed/1.0/embed6258.json]
[academy.lamphills.com/wp-json/oembed/1.0/embedacf9]
[academy.lamphills.com/wp-content/uploads/2025/01/Font-Fiverr-Logo-1.jpg]
[academy.lamphills.com/wp-content/uploads/2025/01/images-1-1.png]
[academy.lamphills.com/wp-content/uploads/2025/01/udemy.png]
[academy.lamphills.com/wp-content/uploads/2025/01/selar-958x575-1.jpg]
[academy.lamphills.com/wp-content/uploads/2025/01/images-2.png]
[academy.lamphills.com/wp-content/uploads/2025/01/1688da9bfe4e72c31601fd010dc46a2c.jpg]
[academy.lamphills.com/wp-content/uploads/2025/01/google-logo-icon-1007x1024-i7nlmb0e.png]
[academy.lamphills.com/wp-content/uploads/2025/01/513_email.jpg]
[academy.lamphills.com/wp-content/uploads/2025/01/pngtree-sales-funnel-line-icon-vector-png-image_6653019.png]
[academy.lamphills.com/wp-content/uploads/2025/01/social-media-management-black-glyph-icon-vector-40298119.jpg]
[academy.lamphills.com/wp-content/uploads/2025/01/copywriting-icon-editable-stroke-linear-style-sign-for-use-web-design-logo-symbol-illustration-free-vector.jpg]
[academy.lamphills.com/wp-content/uploads/2025/01/istockphoto-1185675328-612x612-2.jpg]
[academy.lamphills.com/wp-content/uploads/2025/01/images-3.png]
[academy.lamphills.com/digital-marketing/index.html]
[academy.lamphills.com/wp-content/uploads/elementor/css/post-6486cf3.css]
[academy.lamphills.com/wp-json/wp/v2/pages/648.json]
[academy.lamphills.com/wp-json/oembed/1.0/embed513a.json]
[academy.lamphills.com/wp-json/oembed/1.0/embedfcdf]
[academy.lamphills.com/wp-content/uploads/2025/01/images-7.png]
[academy.lamphills.com/wp-content/uploads/2025/01/Adobe-Photoshop-Symbol.png]
[academy.lamphills.com/wp-content/uploads/2025/01/productivity-vector-icon-production-sign-efficiency-illustration-symbol-increase-logo-web-sites-mobile-productivity-vector-164631881.webp]
[academy.lamphills.com/wp-content/uploads/2025/01/nhl034__88458.1457768556.1280.1280.jpg]
[academy.lamphills.com/graphics-design/index.html]
[academy.lamphills.com/wp-content/uploads/elementor/css/post-744de05.css]
[academy.lamphills.com/wp-json/wp/v2/pages/744.json]
[academy.lamphills.com/wp-json/oembed/1.0/embedec5e.json]
[academy.lamphills.com/wp-json/oembed/1.0/embedb668]
[academy.lamphills.com/wp-content/uploads/2025/01/glassdoor.png]
[academy.lamphills.com/wp-content/uploads/2025/01/indeed.png]
[academy.lamphills.com/wp-content/uploads/2025/02/istockphoto-1352367851-612x612-1.jpg]
[academy.lamphills.com/wp-content/uploads/2025/02/Python_icon_black_and_white.svg.png]
[academy.lamphills.com/wp-content/uploads/2025/02/data-cleaning-icon-in-logotype-vector.jpg]
[academy.lamphills.com/wp-content/uploads/2025/02/images-8.png]
[academy.lamphills.com/wp-content/uploads/2025/02/pngtree-deep-learning-line-icon-vector-png-image_6688986.png]
[academy.lamphills.com/wp-content/uploads/2025/02/Power-Bi-Logo-PNG-Photo.png]
[academy.lamphills.com/wp-content/uploads/2025/01/4192708.png]
[academy.lamphills.com/data-science/index.html]
[academy.lamphills.com/wp-content/uploads/elementor/css/post-71668e8.css]
[academy.lamphills.com/wp-json/wp/v2/pages/716.json]
[academy.lamphills.com/wp-json/oembed/1.0/embedd93b.json]
[academy.lamphills.com/wp-json/oembed/1.0/embed8504]
[academy.lamphills.com/wp-content/uploads/2025/01/8867.Microsoft_5F00_Logo_2D00_for_2D00_screen-1-scaled.jpg]
[academy.lamphills.com/wp-content/uploads/2025/01/346-3463499_available-skills-coding-logo-png.jpg]
[academy.lamphills.com/wp-content/uploads/2025/01/pngtree-html-file-document-icon-png-image_931728.jpg]
[academy.lamphills.com/wp-content/uploads/2025/01/download.png]
[academy.lamphills.com/wp-content/uploads/2025/01/git-icon-lg.png]
[academy.lamphills.com/coding-fundamentals/index.html]
[academy.lamphills.com/wp-content/uploads/elementor/css/post-901a63b.css]
[academy.lamphills.com/wp-json/wp/v2/pages/901.json]
[academy.lamphills.com/wp-json/oembed/1.0/embed17c1.json]
[academy.lamphills.com/wp-json/oembed/1.0/embed1bb8]
[academy.lamphills.com/wp-content/uploads/2025/01/fa5b039132ea5867281d81cf7ef4255a.jpg]
[academy.lamphills.com/wp-content/uploads/2025/02/capcut-app-logo.png]
[academy.lamphills.com/wp-content/uploads/2025/02/69ab2bc1-7dda-4bf6-ac0b-adcb3e70b063-cover.png]
[academy.lamphills.com/wp-content/uploads/2025/01/data-analytics.png]
[academy.lamphills.com/video-editing/index.html]
[academy.lamphills.com/wp-content/uploads/elementor/css/post-9188760.css]
[academy.lamphills.com/wp-json/wp/v2/pages/918.json]
[academy.lamphills.com/wp-json/oembed/1.0/embed012b.json]
[academy.lamphills.com/wp-json/oembed/1.0/embed9033]
[academy.lamphills.com/wp-content/uploads/2025/02/360_F_536241340_GsrsNhcWC0hyTVaJLilNafyDw6fl0cC8.jpg]
[academy.lamphills.com/wp-content/uploads/2025/01/Excel-SQL-for-Data-Management.webp]
[academy.lamphills.com/wp-content/uploads/2025/01/file-management-icon-vector-38588071.jpg]
[academy.lamphills.com/photography-videography-photo-editing/index.html]
[academy.lamphills.com/wp-content/uploads/elementor/css/post-7708b1d.css]
[academy.lamphills.com/wp-json/wp/v2/pages/770.json]
[academy.lamphills.com/wp-json/oembed/1.0/embed0fe8.json]
[academy.lamphills.com/wp-json/oembed/1.0/embed340d]
[academy.lamphills.com/wp-content/uploads/2025/01/images-6.png]
[academy.lamphills.com/social-media-management/index.html]
[academy.lamphills.com/wp-content/uploads/elementor/css/post-93704e2.css]
[academy.lamphills.com/wp-json/wp/v2/pages/937.json]
[academy.lamphills.com/wp-json/oembed/1.0/embedc7c3.json]
[academy.lamphills.com/wp-json/oembed/1.0/embed7c31]
[academy.lamphills.com/wp-content/uploads/2025/01/pngtree-analytics-icon-design-template-vector-isolated-png-image_745933-1.jpg]
[academy.lamphills.com/seo-content-writing/index.html]
[academy.lamphills.com/wp-content/uploads/elementor/css/post-6092a6b.css]
[academy.lamphills.com/wp-json/wp/v2/pages/609.json]
[academy.lamphills.com/wp-json/oembed/1.0/embedfe3e.json]
[academy.lamphills.com/wp-json/oembed/1.0/embed455f]
[academy.lamphills.com/wp-content/uploads/2025/01/8867.Microsoft_5F00_Logo_2D00_for_2D00_screen-scaled.jpg]
[academy.lamphills.com/wp-content/uploads/2025/01/meta-logo-social-media-giant-facebook-vector-51195594-e1737710035765.jpg]
[academy.lamphills.com/wp-content/uploads/2025/01/c2cdc468e30f8570b1a86bf47bd18174.jpg]
[academy.lamphills.com/basic-computer-skills/index.html]
[academy.lamphills.com/wp-content/uploads/elementor/css/post-949e95b.css]
[academy.lamphills.com/wp-json/wp/v2/pages/949.json]
[academy.lamphills.com/wp-json/oembed/1.0/embed385e.json]
[academy.lamphills.com/wp-json/oembed/1.0/embedb4e6]
[academy.lamphills.com/scriptwriting-screen-writing/index.html]
[academy.lamphills.com/wp-content/uploads/elementor/css/post-96176a8.css]
[academy.lamphills.com/wp-json/wp/v2/pages/961.json]
[academy.lamphills.com/wp-json/oembed/1.0/embed82f0.json]
[academy.lamphills.com/wp-json/oembed/1.0/embed5cbd]
[academy.lamphills.com/wp-content/uploads/2025/02/202502101252.mp4]
[academy.lamphills.com/wp-content/uploads/2025/02/WhatsApp-Image-2025-01-28-at-11.10.50 AM.jpg]
[academy.lamphills.com/wp-content/uploads/2025/02/8gzcr6RpGStvZFA2qRt4v6-650-80.jpg]
[academy.lamphills.com/wp-content/uploads/2025/02/655423.png]
[academy.lamphills.com/wp-content/uploads/2025/01/data-visualization.png]
[academy.lamphills.com/youtube-automation/index.html]
[academy.lamphills.com/wp-content/uploads/elementor/css/post-750da2f.css]
[academy.lamphills.com/wp-json/wp/v2/pages/750.json]
[academy.lamphills.com/wp-json/oembed/1.0/embedfac0.json]
[academy.lamphills.com/wp-json/oembed/1.0/embed400d]
[academy.lamphills.com/wp-content/uploads/2025/01/download-1.png]
[academy.lamphills.com/data-analytics/index.html]
[academy.lamphills.com/wp-content/uploads/elementor/css/post-6797772.css]
[academy.lamphills.com/wp-json/wp/v2/pages/679.json]
[academy.lamphills.com/wp-json/oembed/1.0/embedaefe.json]
[academy.lamphills.com/wp-json/oembed/1.0/embed573f]
[academy.lamphills.com/wp-content/uploads/2025/01/ui-design.jpg]
[academy.lamphills.com/wp-content/uploads/2025/01/k4y56na56i881.webp]
[academy.lamphills.com/wp-content/uploads/2025/01/pngtree-vector-web-icon-png-image_848026.jpg]
[academy.lamphills.com/ui-ux-design/index.html]
[academy.lamphills.com/wp-content/uploads/elementor/css/post-9975d42.css]
[academy.lamphills.com/wp-json/wp/v2/pages/997.json]
[academy.lamphills.com/wp-json/oembed/1.0/embedf9bd.json]
[academy.lamphills.com/wp-json/oembed/1.0/embede8a4]
[academy.lamphills.com/wp-content/uploads/2025/02/istockphoto-1341104538-612x612-1.jpg]
[academy.lamphills.com/wp-content/uploads/2025/02/scrum-icon-512x512-111dr7de.png]
[academy.lamphills.com/wp-content/uploads/2025/02/project-management-icon-vector.jpg]
[academy.lamphills.com/wp-content/uploads/2025/02/clickup-icon-427x512-ic8lsv5p.png]
[academy.lamphills.com/wp-content/uploads/2025/02/pngtree-risk-management-line-icon-vector-png-image_6739736.png]
[academy.lamphills.com/wp-content/uploads/2025/02/course-completion-certificate-icon-linear-logo-mark-set-collection-black-white-web-course-completion-certificate-icon-330205705.webp]
[academy.lamphills.com/project-management/index.html]
[academy.lamphills.com/wp-content/plugins/woocommerce/assets/client/blocks/wc-blocks2656.css]
[academy.lamphills.com/wp-content/uploads/2025/01/Bg-popUp.png]
[academy.lamphills.com/wp-content/uploads/2025/01/bubble_bg_popup.png]
[academy.lamphills.com/wp-content/uploads/elementor/css/post-2329b7.css]
[academy.lamphills.com/wp-content/plugins/elementor/assets/lib/animations/styles/rotateInDownLeft.min87cc.css]
[academy.lamphills.com/wp-content/plugins/elementor/assets/lib/animations/styles/zoomIn.min87cc.css]
[academy.lamphills.com/wp-content/plugins/elementor/assets/lib/animations/styles/rotateInUpLeft.min87cc.css]
[academy.lamphills.com/wp-content/plugins/elementor-pro/assets/css/conditionals/popup.min414b.css]
[academy.lamphills.com/wp-includes/js/mediaelement/mejs-controls.svg]
[academy.lamphills.com/wp-content/plugins/woocommerce/assets/images/icons/loader.svg]
[cdnjs.cloudflare.com/ajax/libs/font-awesome/4.7.0/css/font-awesome.min.css]
[academy.lamphills.com/wp-content/plugins/elementor/assets/css/widget-menu-anchor.min87cc.css]
[academy.lamphills.com/wp-content/plugins/elementor-pro/assets/css/widget-call-to-action.min414b.css]
[academy.lamphills.com/wp-content/plugins/elementor-pro/assets/css/conditionals/transitions.min414b.css]
[academy.lamphills.com/wp-content/uploads/2025/01/Bg-About-New.png]
[academy.lamphills.com/wp-content/uploads/2025/01/BG-intro-About.png]
[academy.lamphills.com/wp-content/uploads/2025/01/We-believe-BG.png]
[academy.lamphills.com/wp-content/uploads/2025/01/BG-About-Team-section.png]
[academy.lamphills.com/wp-content/uploads/2025/01/CTA-Shapes.png]
[academy.lamphills.com/wp-content/uploads/elementor/css/post-6529a1.css]
[academy.lamphills.com/index7665.html]
[academy.lamphills.com/wp-content/plugins/elementor/assets/lib/animations/styles/e-animation-grow.min87cc.css]
[academy.lamphills.com/wp-content/plugins/elementor/assets/css/widget-toggle.min87cc.css]
[academy.lamphills.com/wp-content/uploads/2025/01/Bg-Services-Hero-New.png]
[academy.lamphills.com/wp-content/uploads/2025/01/Bg-Services.png]
[academy.lamphills.com/wp-content/uploads/2025/01/Bg-more-about-the-services.png]
[academy.lamphills.com/wp-content/uploads/2025/01/BG-FAQ-Services.png]
[academy.lamphills.com/wp-content/uploads/elementor/css/post-81e52c.css]
[academy.lamphills.com/index44d0.html]
[academy.lamphills.com/wp-content/uploads/elementor/css/post-121f69f.css]
[academy.lamphills.com/wp-json/wp/v2/pages/121.json]
[academy.lamphills.com/wp-json/oembed/1.0/embed5c2a.json]
[academy.lamphills.com/wp-json/oembed/1.0/embed2163]
[academy.lamphills.com/wp-content/uploads/2025/01/Pic-Intro-Service-social-media-1.png]
[academy.lamphills.com/wp-content/uploads/2025/01/Bitmap-Copy-6.png]
[academy.lamphills.com/wp-content/uploads/2025/01/pic-copy-2.png]
[academy.lamphills.com/wp-content/uploads/2025/01/Bitmap-Copy-3.png]
[academy.lamphills.com/social-media/index.html]
[academy.lamphills.com/wp-content/plugins/elementor-pro/assets/css/widget-testimonial-carousel.min414b.css]
[academy.lamphills.com/wp-content/plugins/elementor-pro/assets/css/widget-carousel-module-base.min414b.css]
[academy.lamphills.com/wp-content/uploads/2025/01/Clients-BG-hero-new.png]
[academy.lamphills.com/wp-content/uploads/2025/01/BG-Clients-new.png]
[academy.lamphills.com/wp-content/uploads/2025/01/BG-Join-Clients.png]
[academy.lamphills.com/wp-content/uploads/2025/01/Bg-Testimonials-2.png]
[academy.lamphills.com/wp-content/uploads/elementor/css/post-91b082.css]
[academy.lamphills.com/index5cfa.html]
[academy.lamphills.com/wp-includes/css/dist/block-library/style.min9704.css]
[academy.lamphills.com/wp-content/plugins/elementor-pro/assets/css/widget-posts.min414b.css]
[academy.lamphills.com/wp-content/uploads/2025/01/News-Hero-Bg.png]
[academy.lamphills.com/wp-content/uploads/elementor/css/post-18d841.css]
[academy.lamphills.com/wp-content/plugins/elementor-pro/assets/css/widget-post-info.min414b.css]
[academy.lamphills.com/wp-content/plugins/elementor-pro/assets/css/widget-share-buttons.min414b.css]
[academy.lamphills.com/wp-content/plugins/elementor/assets/css/conditionals/apple-webkit.min87cc.css]
[academy.lamphills.com/wp-content/plugins/elementor-pro/assets/css/widget-post-navigation.min414b.css]
[academy.lamphills.com/wp-content/uploads/elementor/css/post-29d7df.css]
[academy.lamphills.com/wp-json/wp/v2/posts/140.json]
[academy.lamphills.com/wp-json/oembed/1.0/embedeff1.json]
[academy.lamphills.com/wp-json/oembed/1.0/embed4199]
[academy.lamphills.com/wp-content/uploads/2025/01/CTA-post.png]
[academy.lamphills.com/2025/01/23/case-study-how-to-improve-your-seo-scores/index.html]
[academy.lamphills.com/wp-json/wp/v2/posts/141.json]
[academy.lamphills.com/2025/01/22/hello-world/index.html]
[academy.lamphills.com/wp-json/oembed/1.0/embed573e.json]
[academy.lamphills.com/wp-json/oembed/1.0/embedc980]
[academy.lamphills.com/2025/01/23/do-ppc-ninjas-really-exist/index.html]
[academy.lamphills.com/wp-json/wp/v2/posts/142.json]
[academy.lamphills.com/wp-json/oembed/1.0/embed32cf.json]
[academy.lamphills.com/wp-json/oembed/1.0/embede1ea]
[academy.lamphills.com/2025/01/23/fun-fun-and-more-fun-come-work-at-beyond/index.html]
[academy.lamphills.com/wp-json/wp/v2/posts/143.json]
[academy.lamphills.com/wp-json/oembed/1.0/embed82e3.json]
[academy.lamphills.com/wp-json/oembed/1.0/embed3ac8]
[academy.lamphills.com/2025/01/23/lets-party-our-end-of-the-year-celebration/index.html]
[academy.lamphills.com/wp-json/wp/v2/posts/144.json]
[academy.lamphills.com/wp-json/oembed/1.0/embed10e2.json]
[academy.lamphills.com/wp-json/oembed/1.0/embedfb15]
[academy.lamphills.com/2025/01/23/onward-our-award-winning-creative-campaign/index.html]
[academy.lamphills.com/wp-json/wp/v2/posts/145.json]
[academy.lamphills.com/wp-json/oembed/1.0/embedb789.json]
[academy.lamphills.com/wp-json/oembed/1.0/embed5e48]
[academy.lamphills.com/2025/01/23/the-digital-marketing-revolution-is-here-is-here-now/index.html]
[academy.lamphills.com/wp-json/wp/v2/posts/146.json]
[academy.lamphills.com/wp-json/oembed/1.0/embed34ed.json]
[academy.lamphills.com/wp-json/oembed/1.0/embedac82]
[academy.lamphills.com/2025/01/23/always-learn-from-experience-and-past-mistakes/index.html]
[academy.lamphills.com/wp-json/wp/v2/posts/147.json]
[academy.lamphills.com/wp-json/oembed/1.0/embed8599.json]
[academy.lamphills.com/wp-json/oembed/1.0/embedaead]
[academy.lamphills.com/2025/01/23/the-weekly-podcast-design-meets-technology/index.html]
[academy.lamphills.com/wp-json/wp/v2/posts/148.json]
[academy.lamphills.com/wp-json/oembed/1.0/embedb39e.json]
[academy.lamphills.com/wp-json/oembed/1.0/embed67b6]
[academy.lamphills.com/2025/01/23/will-there-be-a-future-post-facebook/index.html]
[academy.lamphills.com/wp-content/uploads/2025/01/BG-contact-hero-New.png]
[academy.lamphills.com/wp-content/uploads/2025/01/BG-Form-Contact-Us.png]
[academy.lamphills.com/wp-content/uploads/2025/01/BG-contact-info.png]
[academy.lamphills.com/wp-content/uploads/elementor/css/post-114ca95.css]
[academy.lamphills.com/index30a5.html]
[academy.lamphills.com/wp-content/plugins/elementor/assets/lib/animations/styles/fadeInDown.min87cc.css]
[academy.lamphills.com/wp-content/plugins/elementor/assets/css/widget-divider.min87cc.css]
[academy.lamphills.com/wp-content/plugins/elementor/assets/lib/animations/styles/shake.min87cc.css]
[academy.lamphills.com/wp-content/plugins/elementor/assets/lib/animations/styles/e-animation-shrink.min87cc.css]
[academy.lamphills.com/wp-content/plugins/elementor/assets/lib/animations/styles/fadeInLeft.min87cc.css]
[academy.lamphills.com/wp-content/plugins/elementor/assets/lib/animations/styles/tada.min87cc.css]
[academy.lamphills.com/wp-content/plugins/elementor/assets/lib/animations/styles/fadeIn.min87cc.css]
[academy.lamphills.com/wp-content/plugins/elementor/assets/css/widget-image-box.min87cc.css]
[academy.lamphills.com/wp-content/plugins/elementor/assets/css/widget-spacer.min87cc.css]
[academy.lamphills.com/wp-content/plugins/elementor/assets/lib/animations/styles/e-animation-float.min87cc.css]
[academy.lamphills.com/wp-content/uploads/2025/01/2151683236.jpg]
[academy.lamphills.com/wp-content/uploads/2025/01/30-HOW-MUCH-UDEMY-INSTRUCTORS-MAKE.png]
[academy.lamphills.com/wp-content/uploads/elementor/css/post-445c16c.css]
[academy.lamphills.com/wp-content/uploads/elementor/google-fonts/fonts/poppins-pxiayp8kv8jhgfvrjjlme0tmmpkzsq.woff2]
[academy.lamphills.com/wp-content/uploads/elementor/google-fonts/fonts/poppins-pxiayp8kv8jhgfvrjjlme0tcmpi.woff2]
[academy.lamphills.com/wp-content/uploads/elementor/google-fonts/fonts/poppins-pxidyp8kv8jhgfvrjjlmv1pvgdeoceg.woff2]
[academy.lamphills.com/wp-content/uploads/elementor/google-fonts/fonts/poppins-pxidyp8kv8jhgfvrjjlmv1pvf9eo.woff2]
[academy.lamphills.com/wp-content/uploads/elementor/google-fonts/fonts/poppins-pxidyp8kv8jhgfvrjjlm21lvgdeoceg.woff2]
[academy.lamphills.com/wp-content/uploads/elementor/google-fonts/fonts/poppins-pxidyp8kv8jhgfvrjjlm21lvf9eo.woff2]
[academy.lamphills.com/wp-content/uploads/elementor/google-fonts/fonts/poppins-pxigyp8kv8jhgfvrjjlufntakpy.woff2]
[academy.lamphills.com/wp-content/uploads/elementor/google-fonts/fonts/poppins-pxigyp8kv8jhgfvrjjluchta.woff2]
[academy.lamphills.com/wp-content/uploads/elementor/google-fonts/fonts/poppins-pxidyp8kv8jhgfvrjjlmg1hvgdeoceg.woff2]
[academy.lamphills.com/wp-content/uploads/elementor/google-fonts/fonts/poppins-pxidyp8kv8jhgfvrjjlmg1hvf9eo.woff2]
[academy.lamphills.com/wp-content/uploads/elementor/google-fonts/fonts/poppins-pxidyp8kv8jhgfvrjjlmr19vgdeoceg.woff2]
[academy.lamphills.com/wp-content/uploads/elementor/google-fonts/fonts/poppins-pxidyp8kv8jhgfvrjjlmr19vf9eo.woff2]
[academy.lamphills.com/wp-content/uploads/elementor/google-fonts/fonts/poppins-pxidyp8kv8jhgfvrjjlmy15vgdeoceg.woff2]
[academy.lamphills.com/wp-content/uploads/elementor/google-fonts/fonts/poppins-pxidyp8kv8jhgfvrjjlmy15vf9eo.woff2]
[academy.lamphills.com/wp-content/uploads/elementor/google-fonts/fonts/poppins-pxidyp8kv8jhgfvrjjlm111vgdeoceg.woff2]
[academy.lamphills.com/wp-content/uploads/elementor/google-fonts/fonts/poppins-pxidyp8kv8jhgfvrjjlm111vf9eo.woff2]
[academy.lamphills.com/wp-content/uploads/elementor/google-fonts/fonts/poppins-pxidyp8kv8jhgfvrjjlm81xvgdeoceg.woff2]
[academy.lamphills.com/wp-content/uploads/elementor/google-fonts/fonts/poppins-pxidyp8kv8jhgfvrjjlm81xvf9eo.woff2]
[academy.lamphills.com/wp-content/uploads/elementor/google-fonts/fonts/poppins-pxigyp8kv8jhgfvrlptufntakpy.woff2]
[academy.lamphills.com/wp-content/uploads/elementor/google-fonts/fonts/poppins-pxigyp8kv8jhgfvrlptuchta.woff2]
[academy.lamphills.com/wp-content/uploads/elementor/google-fonts/fonts/poppins-pxibyp8kv8jhgfvrlfj_z1jlfc-k.woff2]
[academy.lamphills.com/wp-content/uploads/elementor/google-fonts/fonts/poppins-pxibyp8kv8jhgfvrlfj_z1xlfq.woff2]
[academy.lamphills.com/wp-content/uploads/elementor/google-fonts/fonts/poppins-pxibyp8kv8jhgfvrldz8z1jlfc-k.woff2]
[academy.lamphills.com/wp-content/uploads/elementor/google-fonts/fonts/poppins-pxibyp8kv8jhgfvrldz8z1xlfq.woff2]
[academy.lamphills.com/wp-content/uploads/elementor/google-fonts/fonts/poppins-pxieyp8kv8jhgfvrjjnecmne.woff2]
[academy.lamphills.com/wp-content/uploads/elementor/google-fonts/fonts/poppins-pxieyp8kv8jhgfvrjjfecg.woff2]
[academy.lamphills.com/wp-content/uploads/elementor/google-fonts/fonts/poppins-pxibyp8kv8jhgfvrlgt9z1jlfc-k.woff2]
[academy.lamphills.com/wp-content/uploads/elementor/google-fonts/fonts/poppins-pxibyp8kv8jhgfvrlgt9z1xlfq.woff2]
[academy.lamphills.com/wp-content/uploads/elementor/google-fonts/fonts/poppins-pxibyp8kv8jhgfvrlej6z1jlfc-k.woff2]
[academy.lamphills.com/wp-content/uploads/elementor/google-fonts/fonts/poppins-pxibyp8kv8jhgfvrlej6z1xlfq.woff2]
[academy.lamphills.com/wp-content/uploads/elementor/google-fonts/fonts/poppins-pxibyp8kv8jhgfvrlcz7z1jlfc-k.woff2]
[academy.lamphills.com/wp-content/uploads/elementor/google-fonts/fonts/poppins-pxibyp8kv8jhgfvrlcz7z1xlfq.woff2]
[academy.lamphills.com/wp-content/uploads/elementor/google-fonts/fonts/poppins-pxibyp8kv8jhgfvrldd4z1jlfc-k.woff2]
[academy.lamphills.com/wp-content/uploads/elementor/google-fonts/fonts/poppins-pxibyp8kv8jhgfvrldd4z1xlfq.woff2]
[academy.lamphills.com/wp-content/uploads/elementor/google-fonts/fonts/poppins-pxibyp8kv8jhgfvrlbt5z1jlfc-k.woff2]
[academy.lamphills.com/wp-content/uploads/elementor/google-fonts/fonts/poppins-pxibyp8kv8jhgfvrlbt5z1xlfq.woff2]
[academy.lamphills.com/wp-content/uploads/elementor/google-fonts/css/poppins24f4.css]
[academy.lamphills.com/wp-content/uploads/elementor/google-fonts/fonts/manrope-xn7gyhe41ni1adirggqxsuxd.woff2]
[academy.lamphills.com/wp-content/uploads/elementor/google-fonts/fonts/manrope-xn7gyhe41ni1adirggoxsuxd.woff2]
[academy.lamphills.com/wp-content/uploads/elementor/google-fonts/fonts/manrope-xn7gyhe41ni1adirggsxsuxd.woff2]
[academy.lamphills.com/wp-content/uploads/elementor/google-fonts/fonts/manrope-xn7gyhe41ni1adirggixsuxd.woff2]
[academy.lamphills.com/wp-content/uploads/elementor/google-fonts/fonts/manrope-xn7gyhe41ni1adirggmxsuxd.woff2]
[academy.lamphills.com/wp-content/uploads/elementor/google-fonts/fonts/manrope-xn7gyhe41ni1adirggexsg.woff2]
[academy.lamphills.com/wp-content/uploads/elementor/google-fonts/css/manrope606e.css]
[academy.lamphills.com/wp-content/uploads/elementor/google-fonts/fonts/dmsans-rp2wp2ywxg089uriczasexd86j3t9jz86mvyykk58vxh.woff2]
[academy.lamphills.com/wp-content/uploads/elementor/google-fonts/fonts/dmsans-rp2wp2ywxg089uriczasexd86j3t9jz86mvyyky58q.woff2]
[academy.lamphills.com/wp-content/uploads/elementor/google-fonts/fonts/dmsans-rp2yp2ywxg089urii5-g4vlh9vod8cmcqbu6-k6h9q.woff2]
[academy.lamphills.com/wp-content/uploads/elementor/google-fonts/fonts/dmsans-rp2yp2ywxg089urii5-g4vlh9vod8cmcqbu0-k4.woff2]
[academy.lamphills.com/wp-content/uploads/elementor/google-fonts/css/dmsans175d.css]
[academy.lamphills.com/index0ecd.html]
[academy.lamphills.com/wp-content/uploads/2025/01/2353.jpg]
[academy.lamphills.com/wp-content/uploads/elementor/css/post-6486cf3.css]
[academy.lamphills.com/index0ae0.html]
[academy.lamphills.com/wp-content/uploads/2025/01/2149309308.jpg]
[academy.lamphills.com/wp-content/uploads/elementor/css/post-744de05.css]
[academy.lamphills.com/index664b.html]
[academy.lamphills.com/wp-content/uploads/2025/01/45676-1.jpg]
[academy.lamphills.com/wp-content/uploads/2025/01/original-869798a47d3c2c45b560b6def48c87b4.webp]
[academy.lamphills.com/wp-content/uploads/elementor/css/post-71668e8.css]
[academy.lamphills.com/index7e39.html]
[academy.lamphills.com/wp-content/uploads/2025/02/2150506070.jpg]
[academy.lamphills.com/wp-content/uploads/elementor/css/post-901a63b.css]
[academy.lamphills.com/indexead7.html]
[academy.lamphills.com/wp-content/uploads/2025/02/adobe-premiere.svg]
[academy.lamphills.com/wp-content/uploads/2025/02/2150974422.jpg]
[academy.lamphills.com/wp-content/uploads/elementor/css/post-9188760.css]
[academy.lamphills.com/index5f81.html]
[academy.lamphills.com/wp-content/uploads/2025/01/camera-retro-icon.svg]
[academy.lamphills.com/wp-content/uploads/2025/01/2149073187-1.jpg]
[academy.lamphills.com/wp-content/uploads/elementor/css/post-7708b1d.css]
[academy.lamphills.com/index64ca.html]
[academy.lamphills.com/wp-content/uploads/2025/01/icons8-instagram.svg]
[academy.lamphills.com/wp-content/uploads/2025/02/2149309234.jpg]
[academy.lamphills.com/wp-content/uploads/elementor/css/post-93704e2.css]
[academy.lamphills.com/indexd0ff.html]
[academy.lamphills.com/wp-content/uploads/2025/01/business-presentation-icon.svg]
[academy.lamphills.com/wp-content/uploads/2025/01/reports-icon.svg]
[academy.lamphills.com/wp-content/uploads/2025/01/2150170914.jpg]
[academy.lamphills.com/wp-content/uploads/2025/01/suz3guuni19b1.jpg]
[academy.lamphills.com/wp-content/uploads/elementor/css/post-6092a6b.css]
[academy.lamphills.com/index93f8.html]
[academy.lamphills.com/wp-content/uploads/2025/02/113248.jpg]
[academy.lamphills.com/wp-content/uploads/elementor/css/post-949e95b.css]
[academy.lamphills.com/index6028.html]
[academy.lamphills.com/wp-content/uploads/2025/02/109112.jpg]
[academy.lamphills.com/wp-content/uploads/elementor/css/post-96176a8.css]
[academy.lamphills.com/indexf14d.html]
[academy.lamphills.com/wp-content/uploads/2025/02/2148677824.jpg]
[academy.lamphills.com/wp-content/uploads/elementor/css/post-750da2f.css]
[academy.lamphills.com/index21b4.html]
[academy.lamphills.com/wp-content/uploads/2025/01/10911.jpg]
[academy.lamphills.com/wp-content/uploads/elementor/css/post-6797772.css]
[academy.lamphills.com/indexb4ec.html]
[academy.lamphills.com/wp-content/uploads/2025/01/figma-logo.svg]
[academy.lamphills.com/wp-content/uploads/2025/02/2149362876.jpg]
[academy.lamphills.com/wp-content/uploads/elementor/css/post-9975d42.css]
[academy.lamphills.com/index7451.html]
[academy.lamphills.com/wp-content/uploads/2025/01/BG-Social-Media.png]
[academy.lamphills.com/wp-content/uploads/2025/01/BG-Service-one.png]
[academy.lamphills.com/wp-content/uploads/2025/01/BG-more-Services.png]
[academy.lamphills.com/wp-content/uploads/elementor/css/post-121f69f.css]
[academy.lamphills.com/indexe856.html]
[academy.lamphills.com/wp-content/plugins/elementor-pro/assets/css/widget-post-info.min414b.css]
[academy.lamphills.com/wp-content/plugins/elementor-pro/assets/css/widget-share-buttons.min414b.css]
[academy.lamphills.com/wp-content/plugins/elementor/assets/css/conditionals/apple-webkit.min87cc.css]
[academy.lamphills.com/wp-content/plugins/elementor-pro/assets/css/widget-post-navigation.min414b.css]
[academy.lamphills.com/wp-content/uploads/2025/01/Post-BG.png]
[academy.lamphills.com/wp-content/uploads/2025/01/BG-Post-Sub.png]
[academy.lamphills.com/wp-content/uploads/elementor/css/post-29d7df.css]
[academy.lamphills.com/index248a.html]
[academy.lamphills.com/wp-json/wp/v2/posts/1.json]
[academy.lamphills.com/2025/01/22/hello-world/feed/index.html]
[academy.lamphills.com/wp-json/oembed/1.0/embedee7d.json]
[academy.lamphills.com/wp-json/oembed/1.0/embeddcf4]
[academy.lamphills.com/2025/01/22/hello-world/index.html]
[academy.lamphills.com/index269b.html]
[academy.lamphills.com/indexee5b.html]
[academy.lamphills.com/indexdc22.html]
[academy.lamphills.com/index421d.html]
[academy.lamphills.com/indexbe3b.html]
[academy.lamphills.com/indexf488.html]
[academy.lamphills.com/index2fa7.html]
[academy.lamphills.com/indexa36b.html]
[academy.lamphills.com/wp-content/uploads/2025/02/WhatsApp-Image-2025-01-28-at-11.10.50â¯AM.html]
[academy.lamphills.com/wp-content/uploads/2025/01/WhatsApp-Image-2025-01-31-at-10.59.07â¯AM-1-e1738318816885.html]
[academy.lamphills.com/indexcff1.html]
